Build started 2015-06-18 오후 12:36:38.
     1>Project "C:\Users\Jamie Cho\Documents\Visual Studio 2013\Projects\ASCII ART GENERATOR\Win32Project29\Win32Project29.vcxproj" on node 2 (Build target(s)).
     1>ClCompile:
         D:\Visual Studio\NV\VC\bin\CL.exe /c /Zi /nologo /W3 /WX- /sdl /O2 /Oi /Oy- /GL /D WIN32 /D NDEBUG /D _WINDOWS /D _UNICODE /D UNICODE /Gm- /EHsc /MD /GS /Gy /fp:precise /Zc:wchar_t /Zc:forScope /Fo"Release\\" /Fd"Release\vc120.pdb" /Gd /TP /analyze- /errorReport:prompt Source.cpp
         Source.cpp
     1>Source.cpp(213): warning C4244: '*=' : conversion from 'double' to 'unsigned int', possible loss of data
     1>Source.cpp(214): warning C4244: '*=' : conversion from 'double' to 'unsigned int', possible loss of data
     1>Source.cpp(228): warning C4018: '<' : signed/unsigned mismatch
       Link:
         D:\Visual Studio\NV\VC\bin\link.exe /ERRORREPORT:PROMPT /OUT:"C:\Users\Jamie Cho\Documents\Visual Studio 2013\Projects\ASCII ART GENERATOR\Release\Win32Project29.exe" /INCREMENTAL:NO /NOLOGO kernel32.lib user32.lib gdi32.lib winspool.lib comdlg32.lib advapi32.lib shell32.lib ole32.lib oleaut32.lib uuid.lib odbc32.lib odbccp32.lib /MANIFEST /MANIFESTUAC:"level='asInvoker' uiAccess='false'" /manifest:embed /DEBUG /PDB:"C:\Users\Jamie Cho\Documents\Visual Studio 2013\Projects\ASCII ART GENERATOR\Release\Win32Project29.pdb" /SUBSYSTEM:WINDOWS /OPT:REF /OPT:ICF /LTCG /TLBID:1 /DYNAMICBASE /NXCOMPAT /IMPLIB:"C:\Users\Jamie Cho\Documents\Visual Studio 2013\Projects\ASCII ART GENERATOR\Release\Win32Project29.lib" /MACHINE:X86 /SAFESEH Release\Win32Project29.res
         Release\Extension.obj
         Release\Options.obj
         Release\Source.obj
         Release\Table.obj
         Release\TextRender.obj
         Generating code
         Finished generating code
         Win32Project29.vcxproj -> C:\Users\Jamie Cho\Documents\Visual Studio 2013\Projects\ASCII ART GENERATOR\Release\Win32Project29.exe
     1>Done Building Project "C:\Users\Jamie Cho\Documents\Visual Studio 2013\Projects\ASCII ART GENERATOR\Win32Project29\Win32Project29.vcxproj" (Build target(s)).

Build succeeded.

Time Elapsed 00:00:01.26
